C51 COMPILER V9.50a   EX5                                                                  10/23/2012 14:46:14 PAGE 1   


C51 COMPILER V9.50a, COMPILATION OF MODULE EX5
OBJECT MODULE PLACED IN ex5.OBJ
COMPILER INVOKED BY: E:\Keil\C51\BIN\C51.EXE ex5.c BROWSE DEBUG OBJECTEXTEND

line level    source

   1          /*******************************************************************************  
   2          * 文件名称：按键控制LED位移
   3          * 实验目的：1.掌握单片机IO口操作的基本方法
   4          *           2.掌握按键扫描及软件延时消除抖动的基本原理
   5          * 程序说明：1.使用程序前，将跳线J2调整为BTN模式
   6          *           2.本程序中使用的软件延时消抖方法会降低单片机系统的实时性，其目的在于
   7          *             理解按键抖动产生的过程和消除方法，在后续的实验例程中会逐步介绍基于
   8          *             定时器扫描的消抖方法。
   9          *           3.相关按键功能可以参考按键处理函数void key_proc(unsigned char key)
  10          * 日期版本：2012-9-4/V1.0a 
  11          *******************************************************************************/
  12          
  13          #include "reg52.h"  //定义51单片机特殊功能寄存器
  14          
  15          unsigned char read_key(void);
  16          void key_proc(unsigned char key);
  17          void delay(void);
  18          
  19          //主函数
  20          void main(void)
  21          { 
  22   1          unsigned char temp;
  23   1          
  24   1              P0 = 0xff;  //LED接口初始化
  25   1          
  26   1          while(1)
  27   1          {
  28   2              temp = read_key();
  29   2              if(temp != 0xff)
  30   2              {
  31   3                  delay();  //按键消抖
  32   3                  temp = read_key();
  33   3                  if(temp != 0xff)
  34   3                  {
  35   4                      //进入按键处理函数
  36   4                      key_proc(temp);
  37   4                      while(P3 != 0xff);  //等待按键释放                        
  38   4                  }
  39   3              }
  40   2          }
  41   1      }
  42          
  43          //按键扫描函数
  44          unsigned char read_key(void)
  45          {
  46   1          unsigned char temp;
  47   1          unsigned char key_value = 0xff;
  48   1          
  49   1          temp = P3&0x0f;
  50   1          switch(temp)
  51   1          {
  52   2              case 0x0e:
  53   2                  key_value = 1;  //S7
  54   2                  break;    
  55   2              case 0x0d:
C51 COMPILER V9.50a   EX5                                                                  10/23/2012 14:46:14 PAGE 2   

  56   2                  key_value = 2;  //S6
  57   2                  break;    
  58   2              case 0x0b:
  59   2                  key_value = 3;  //S5
  60   2                  break;    
  61   2              case 0x07:
  62   2                  key_value = 4;  //S4
  63   2                  break;    
  64   2          }
  65   1          return key_value;
  66   1      }
  67          
  68          //按键处理函数
  69          void key_proc(unsigned char key)
  70          {
  71   1          switch(key)
  72   1          {
  73   2              case 1:
  74   2                              P2 = (P2&0x1f|0x80);
  75   2                              P0++;
  76   2                              P2 &= 0x1f;
  77   2                  break;
  78   2              case 2:
  79   2                              P2 = (P2&0x1f|0x80);
  80   2                              P0--;
  81   2                              P2 &= 0x1f;
  82   2              case 3:
  83   2                              P2 = (P2&0x1f|0x80);
  84   2                              P0 += 2;
  85   2                              P2 &= 0x1f;
  86   2                  break;
  87   2              case 4:
  88   2                              P2 = (P2&0x1f|0x80);
  89   2                              P0 -= 2;
  90   2                              P2 &= 0x1f;
  91   2                  break;
  92   2          }    
  93   1      }
  94          
  95          //延时函数
  96          void delay(void)
  97          {
  98   1              unsigned char i,j;
  99   1              
 100   1              for(i=0; i<50; i++)
 101   1              {
 102   2                      for(j=0; j<248; j++);
 103   2              }
 104   1      }


MODULE INFORMATION:   STATIC OVERLAYABLE
   CODE SIZE        =    147    ----
   CONSTANT SIZE    =   ----    ----
   XDATA SIZE       =   ----    ----
   PDATA SIZE       =   ----    ----
   DATA SIZE        =   ----    ----
   IDATA SIZE       =   ----    ----
   BIT SIZE         =   ----    ----
END OF MODULE INFORMATION.


C51 COMPILATION COMPLETE.  0 WARNING(S),  0 ERROR(S)
