C51 COMPILER V6.10  EX16                                                                   02/17/2017 12:25:40 PAGE 1   


C51 COMPILER V6.10, COMPILATION OF MODULE EX16
OBJECT MODULE PLACED IN ex16.OBJ
COMPILER INVOKED BY: F:\51单片机工程软件\C51\BIN\C51.EXE ex16.c BROWSE DEBUG OBJECTEXTEND

stmt level    source

   1          /*******************************************************************************  
   2          * 文件名称：矩阵键盘实验
   3          * 实验目的：1.掌握矩阵键盘扫描的基本原理
   4          *           2.掌握按键扫描及消除抖动的基本原理
   5          * 程序说明：1.使用程序前，将跳线J2调整为KBD模式
   6          *           2.按键功能可参考按键处理函数:void key_proc(unsigned char key);
   7          * 日期版本：2012-9-4/V1.0a 
   8          *******************************************************************************/
   9          
  10          #include "reg52.h"  //定义51单片机特殊功能寄存器
  11          
  12          bit key_re;
  13          unsigned char key_press;
  14          unsigned char key_value;
  15          
  16          bit key_flag = 0;
  17          unsigned char intr = 0;
  18          
  19          unsigned char read_keyboard(void);
  20          void key_proc(unsigned char key);
  21          
  22          //主函数
  23          void main(void)
  24          { 
  25   1          unsigned char key_temp = 0xff;
  26   1      
  27   1          TMOD &= 0xf0;    
  28   1          TMOD |= 0x01;  //配置定时器工作模式
  29   1          TH0 = (65536-2000)/256;
  30   1          TL0 = (65536-2000)%256;  
  31   1          EA = 1;
  32   1          ET0 = 1;  //打开定时器中断
  33   1          TR0 = 1;  //启动定时器
  34   1          
  35   1          while(1)
  36   1          {
  37   2              if(key_flag)
  38   2              {
  39   3                  key_flag = 0;
  40   3                  key_temp = read_keyboard();
  41   3              } 
  42   2              
  43   2              key_proc(key_temp);        
  44   2              key_temp = 0xff;  //清除旧键值
  45   2          }
  46   1      }
  47          
  48          //定时器中断服务函数
  49          void isr_timer_0(void)  interrupt 1  //默认中断优先级 1
  50          {
  51   1          TH0 = (65536-2000)/256;
  52   1          TL0 = (65536-2000)%256;  //定时器重载 
  53   1           
  54   1      	if(++intr == 10)  //2ms执行一次
  55   1      	{
C51 COMPILER V6.10  EX16                                                                   02/17/2017 12:25:40 PAGE 2   

  56   2              intr = 0;
  57   2      		key_flag = 1;  //20ms按键扫描标志位置1
  58   2          }
  59   1      }
  60          
  61          //读取矩阵键盘键值
  62          unsigned char read_keyboard(void)
  63          {
  64   1          unsigned char key_temp;
  65   1          static unsigned char col;
  66   1            
  67   1          key_temp = (P3&0xf0);
  68   1      
  69   1          if(key_temp != 0xf0) //有按键按下
  70   1              key_press++;
  71   1      	else
  72   1      		key_press = 0;  //抖动
  73   1          
  74   1          if(key_press == 3)
  75   1          {
  76   2      		key_press = 0;
  77   2      		key_re = 1;
  78   2      		switch(key_temp)
  79   2              {
  80   3                  case 0x70:
  81   3                      col = 1;  //第一列按键按下
  82   3                      break;                
  83   3                  case 0xb0:
  84   3                      col = 2;  //第二列按键按下
  85   3                      break;    
  86   3                  case 0xd0:
  87   3                      col = 3;  //第三列按键按下
  88   3                      break;    
  89   3                  case 0xe0:
  90   3                      col = 4;  //第四列按键按下
  91   3                      break;
  92   3              }
  93   2              
  94   2              key_temp = (P3&0x0f);
  95   2              
  96   2      		switch(key_temp)
  97   2              {
  98   3                  case 0x0e:
  99   3                      key_value = (col-1);   //第一行按键按下
 100   3                      break;                
 101   3                  case 0x0d:
 102   3                      key_value = (3+col);   //第二行按键按下
 103   3                      break;    
 104   3                  case 0x0b:
 105   3                      key_value = (7+col);   //第三行按键按下
 106   3                      break;    
 107   3                  case 0x07:
 108   3                      key_value = (11+col);  //第四行按键按下
 109   3                      break;
 110   3              }
 111   2          }
 112   1          //连续三次检测到按键被按下，并且该按键已经释放
 113   1      
 114   1      	key_temp = (P3&0x0f);
 115   1      	
 116   1          if((key_re == 1) && (key_temp == 0x0f))
 117   1          {
C51 COMPILER V6.10  EX16                                                                   02/17/2017 12:25:40 PAGE 3   

 118   2              key_re = 0;
 119   2              return key_value;
 120   2          }
 121   1          else
 122   1           {return 0xff;}  //无按键按下或被按下的按键未被释放 
 123   1      }
 124          
 125          
 126          //按键处理函数:S7,S11
 127          void key_proc(unsigned char key)
 128          {
 129   1          switch(key)
 130   1          {
 131   2              case 0:  //
 132   2                  P2 = ((P2&0x1f)|0x80);
 133   2      			P0++;
 134   2      			P2 &= 0x1f;
 135   2                  break;
 136   2              case 1:  //
 137   2                  P2 = ((P2&0x1f)|0x80);
 138   2      			P0--;
 139   2      			P2 &= 0x1f;
 140   2                  break;
 141   2          }    
 142   1      }


MODULE INFORMATION:   STATIC OVERLAYABLE
   CODE SIZE        =    236    ----
   CONSTANT SIZE    =   ----    ----
   XDATA SIZE       =   ----    ----
   PDATA SIZE       =   ----    ----
   DATA SIZE        =      4       2
   IDATA SIZE       =   ----    ----
   BIT SIZE         =      2    ----
END OF MODULE INFORMATION.


C51 COMPILATION COMPLETE.  0 WARNING(S),  0 ERROR(S)
