C51 COMPILER V9.52.0.0   EX14                                                              03/17/2017 18:55:26 PAGE 1   


C51 COMPILER V9.52.0.0, COMPILATION OF MODULE EX14
OBJECT MODULE PLACED IN ex14.OBJ
COMPILER INVOKED BY: F:\51单片机工程软件\C51\BIN\C51.EXE ex14.c BROWSE DEBUG OBJECTEXTEND

line level    source

   1          /*******************************************************************************  
   2          * 文件名称：DS18B20温度传感器实验-小数点处理
   3          * 实验目的：1.掌握常用的字符串处理函数
   4          *           2.掌握DS18B20温度传感器的操作方法
   5          * 程序说明：1.通过串口输出实时温度数据，使用串口调试工具调试程序
   6          *           2.串口通讯波特率设定为2400
   7          *           3.DS18B20数据线引脚DQ与单片机P2.7引脚连接
   8          * 日期版本：2012-9-6/V1.0a 
   9          *******************************************************************************/
  10          
  11          #include "reg52.h"  //定义51单片机特殊功能寄存器
  12          #include "onewire.h"  //单总线函数库
  13          #include <stdio.h>
  14          
  15          #define BAUDRATE     2400  //波特率
  16          #define SYSTEMCLOCK  12000000  //系统时钟频率
  17          
  18          unsigned char intr;
  19          bit temper_flag = 0;//温度读取标志
  20          
  21          void uart_sendstring(unsigned char *str);
  22          
  23          //主函数
  24          void main(void)
  25          { 
  26   1          float temperature;
  27   1              unsigned char str[40];
  28   1      
  29   1              SCON = 0x50;
  30   1              TMOD |= 0x20;
  31   1              TH1 = 256 - (unsigned int)(SYSTEMCLOCK/BAUDRATE/384+0.5); 
  32   1      //      ES = 1;  //时能串口中断
  33   1          
  34   1          TMOD |= 0x01;  //配置定时器工作模式
  35   1          TH0 = (65536-2000)/256;
  36   1          TL0 = (65536-2000)%256;  
  37   1          EA = 1;
  38   1          ET0 = 1;  //打开定时器中断
  39   1          TR0 = 1;  //启动定时器
  40   1              TR1 = 1;  //启动定时器1
  41   1              
  42   1          while(1)
  43   1          {
  44   2                      sprintf(str,"%s%6.3f%c%c","temperature:",temperature,'\r','\n');
  45   2                      
  46   2              if(temper_flag)
  47   2                      {
  48   3                              temper_flag = 0;
  49   3                              temperature = rd_temperature_f();  //读温度         
  50   3                              uart_sendstring(str);
  51   3              }
  52   2      
  53   2          }
  54   1      }
  55          
C51 COMPILER V9.52.0.0   EX14                                                              03/17/2017 18:55:26 PAGE 2   

  56          //定时器0中断服务函数
  57          void isr_timer_0(void)  interrupt 1  //默认中断优先级 1
  58          {
  59   1          TH0 = (65536-2000)/256;
  60   1          TL0 = (65536-2000)%256;  //定时器重载  
  61   1              
  62   1              if(++intr == 250)  //2ms执行一次
  63   1              {
  64   2              intr = 0;
  65   2                      temper_flag = 1;  //500ms温度读取标志位置1
  66   2          }
  67   1      }
  68          
  69          //通过串口发送字符串
  70          void uart_sendstring(unsigned char *str)
  71          {
  72   1          unsigned char *p;
  73   1          
  74   1          p = str;
  75   1          while(*p != '\0')
  76   1          {
  77   2              SBUF = *p;
  78   2                      while(TI == 0);  //等待发送标志位置位
  79   2                      TI = 0;
  80   2              p++;
  81   2          }
  82   1      }


MODULE INFORMATION:   STATIC OVERLAYABLE
   CODE SIZE        =    147    ----
   CONSTANT SIZE    =     25    ----
   XDATA SIZE       =   ----    ----
   PDATA SIZE       =   ----    ----
   DATA SIZE        =      1      44
   IDATA SIZE       =   ----    ----
   BIT SIZE         =      1    ----
END OF MODULE INFORMATION.


C51 COMPILATION COMPLETE.  0 WARNING(S),  0 ERROR(S)
