C51 COMPILER V9.02   MAIN                                                                  02/24/2018 22:51:25 PAGE 1   


C51 COMPILER V9.02, COMPILATION OF MODULE MAIN
OBJECT MODULE PLACED IN main.OBJ
COMPILER INVOKED BY: C:\Keil\C51\BIN\C51.EXE main.c BROWSE DEBUG OBJECTEXTEND

line level    source

   1          #include <reg52.h>
   2          
   3          bit flag200ms = 0;
   4          unsigned char T0RH = 0;
   5          unsigned char T0RL = 0;
   6          unsigned char LedChar[] = {
   7                  0xc0, 0xf9, 0xa4, 0xb0, 0x99, 0x92, 0x82, 0xf8, 0x80, 0x90
   8          };
   9          unsigned char LedBuf[] = {0xff, 0xff, 0xff, 0xff, 0xff, 0xff, 0xff, 0xff};
  10          struct Time 
  11          {
  12                  unsigned char hour;
  13                  unsigned char mint;
  14                  unsigned char sec;
  15          };
  16          struct Time Time1 = {
  17                   0x06,0x59,0x00
  18          }; 
  19          //unsigned char Time1[] = {0x00, 0x59, 0x06};
  20          
  21          extern void Ds1302_Single_Byte_Write(unsigned char addr, unsigned char dat);
  22          extern unsigned char Ds1302_Single_Byte_Read(unsigned char addr);
  23          void ConfigTimer0(unsigned int ms);
  24          void Display_Refresh();
  25          void LedScan();
  26          
  27          void main()
  28          {
  29   1      
  30   1              EA = 1;
  31   1              ConfigTimer0(1);
  32   1      
  33   1              Ds1302_Single_Byte_Write(0x8e,0x00);
  34   1              Ds1302_Single_Byte_Write(0x80,0x00);
  35   1              Ds1302_Single_Byte_Write(0x82,0x59);
  36   1              Ds1302_Single_Byte_Write(0x84,0x06);
  37   1      
  38   1              while(1)
  39   1              {
  40   2                      if(flag200ms)
  41   2                      {
  42   3                              flag200ms = 0;
  43   3                              Time1.hour = Ds1302_Single_Byte_Read(0x85);
  44   3                              Time1.mint = Ds1302_Single_Byte_Read(0x83);
  45   3                              Time1.sec = Ds1302_Single_Byte_Read(0x81);
  46   3                      }
  47   2                      Display_Refresh();
  48   2              }
  49   1      }
  50          
  51          void ConfigTimer0(unsigned int ms)
  52          {
  53   1              T0RH = (65536 - (11059200/12/1000*ms))/256;
  54   1              T0RL = (65536 - (11059200/12/1000*ms))%256;
  55   1              TMOD &= 0xf0;
C51 COMPILER V9.02   MAIN                                                                  02/24/2018 22:51:25 PAGE 2   

  56   1              TMOD |= 0x01;
  57   1              TH0 = T0RH;
  58   1              TL0 = T0RL;
  59   1              ET0 = 1;
  60   1              TR0 = 1;
  61   1      }
  62          
  63          void Display_Refresh()
  64          {
  65   1      
  66   1              LedBuf[0] = LedChar[(Time1.sec&0x7f)%16];
  67   1              LedBuf[1] = LedChar[(Time1.sec&0x7f)/16];
  68   1              LedBuf[2] = 0xbf;
  69   1              LedBuf[3] = LedChar[(Time1.mint)%16];
  70   1              LedBuf[4] = LedChar[(Time1.mint)/16];
  71   1              LedBuf[5] = 0xbf;
  72   1              LedBuf[6] = LedChar[(Time1.hour)%16];
  73   1              LedBuf[7] = LedChar[(Time1.hour)/16]; 
  74   1                              
  75   1      }
  76          
  77          void LedScan()
  78          {
  79   1              static unsigned char i = 0;
  80   1              
  81   1              P2 = (P2&0x1f)|0xc0;
  82   1              P0 = 0x80 >> i;
  83   1              P2 &= 0x1f;
  84   1              P2 = (P2&0x1f)|0xe0;
  85   1              P0 = LedBuf[i];
  86   1              P2 &= 0x1f;
  87   1              
  88   1              if(i < 8)
  89   1                      i++;
  90   1              else 
  91   1                      i = 0;           
  92   1      }
  93          
  94          void InterruptTimer0() interrupt 1
  95          {
  96   1              static unsigned char tr1s = 0;
  97   1      
  98   1              TH0 = T0RH;
  99   1              TL0 = T0RL;
 100   1              LedScan();
 101   1      
 102   1              if(tr1s <= 200)
 103   1                      tr1s++;
 104   1              else
 105   1              {
 106   2                      tr1s = 0;
 107   2                      flag200ms = 1;
 108   2              }
 109   1      }       


MODULE INFORMATION:   STATIC OVERLAYABLE
   CODE SIZE        =    345    ----
   CONSTANT SIZE    =   ----    ----
   XDATA SIZE       =   ----    ----
   PDATA SIZE       =   ----    ----
   DATA SIZE        =     25       2
C51 COMPILER V9.02   MAIN                                                                  02/24/2018 22:51:25 PAGE 3   

   IDATA SIZE       =   ----    ----
   BIT SIZE         =      1    ----
END OF MODULE INFORMATION.


C51 COMPILATION COMPLETE.  0 WARNING(S),  0 ERROR(S)
