C51 COMPILER V9.52.0.0   EX18                                                              03/14/2017 10:15:36 PAGE 1   


C51 COMPILER V9.52.0.0, COMPILATION OF MODULE EX18
OBJECT MODULE PLACED IN ex18.OBJ
COMPILER INVOKED BY: F:\51单片机工程软件\C51\BIN\C51.EXE ex18.c BROWSE DEBUG OBJECTEXTEND

line level    source

   1          /*******************************************************************************  
   2          * 文件名称：超声波测距实验
   3          * 实验目的：1.掌握超声波测距原理
   4          *           2.掌握51单片机定时器工作模式和配置方法
   5          * 程序说明：无
   6          * 日期版本：2012-9-6/V1.0a 
   7          *******************************************************************************/
   8          
   9          #include "reg52.h"  //定义51单片机特殊功能寄存器
  10          #include "intrins.h"
  11          #include "absacc.h"
  12          
  13          #define somenop {_nop_();_nop_();_nop_();_nop_();_nop_();\
  14                           _nop_();_nop_();_nop_();_nop_(); _nop_();}
  15          sbit TX = P1^0;  //发射引脚
  16          sbit RX = P1^1;  //接收引脚
  17          
  18          code unsigned tab[] = { 0xc0,0xf9,0xa4,0xb0,0x99,0x92,0x82,0xf8,0x80,0x90
  19                  };
  20          unsigned char dspbuf[8] = {10,10,10,10,10,10,10,10};  //显示缓冲区
  21          unsigned char dspcom = 0;
  22          
  23          unsigned int intr = 0;
  24          bit s_flag;
  25          unsigned int t = 0;
  26          
  27          void ConfigTimer0(unsigned int ms);
  28          void display(void);
  29          void send_wave(void);
  30          
  31          void main(void)
  32          {
  33   1          unsigned int distance;
  34   1      
  35   1      /*      P2 = (P2&0x1f)|0xa0;
  36   1              P0 &= 0xbf;
  37   1              P2 &= 0x1f;
  38   1      */
  39   1          TMOD |= 0x11;  //配置定时器工作模式
  40   1          TH0 = (65536-2000)/256;
  41   1          TL0 = (65536-2000)%256;  
  42   1          TH1 = 0;
  43   1          TL1 = 0;  
  44   1        
  45   1          EA = 1;
  46   1          ET0 = 1;  //打开定时器0中断
  47   1              ET1 = 1;
  48   1          TR0 = 1;  //启动定时器   
  49   1      
  50   1          while(1)
  51   1          {
  52   2              /** 200毫秒更新一次数据 */
  53   2                      if(s_flag)
  54   2              {
  55   3                  s_flag = 0;
C51 COMPILER V9.52.0.0   EX18                                                              03/14/2017 10:15:36 PAGE 2   

  56   3                  /** 关闭定时器0中断:计算超声波发送到返回的时间 */
  57   3                              //ET0 = 0;
  58   3                  send_wave();  //发送方波信号
  59   3                  TR1 = 1;  //启动计时
  60   3                              while((RX == 1) && (TF1 == 0));  //等待收到脉冲
  61   3                              TR1 = 0;  //关闭计时
  62   3      
  63   3                              //发生溢出
  64   3                              if(TF1 == 1)
  65   3                              {
  66   4                                      TF1 = 0;
  67   4                                      distance = 9999;  //无返回
  68   4                              }
  69   3                              else
  70   3                              {
  71   4                                      /**  计算时间  */
  72   4                                      t = TH1;
  73   4                                      t <<= 8;
  74   4                                      t |= TL1;
  75   4                                      distance = (unsigned int)(t*0.017);  //计算距离                         
  76   4                              }
  77   3                              TH1 = 0;
  78   3                              TL1 = 0;
  79   3              }
  80   2                      /** 数据处理                      */
  81   2                           
  82   2                      dspbuf[5] = distance/100;
  83   2                      dspbuf[6] = distance%100/10;
  84   2                      dspbuf[7] = distance%10;       
  85   2          }
  86   1      }
  87          
  88          //定时器0中断服务函数
  89          void isr_timer_0(void)  interrupt 1  //默认中断优先级 1
  90          {
  91   1          TH0 = (65536-2000)/256;
  92   1          TL0 = (65536-2000)%256;  //定时器重载 
  93   1           
  94   1              display();  //2ms执行一次
  95   1      
  96   1              if(++intr == 200)
  97   1              {
  98   2              s_flag = 1;
  99   2              intr = 0;
 100   2          }
 101   1      }
 102          
 103          
 104          //显示函数  
 105          void display(void)
 106          {
 107   1              XBYTE[0xE000] = 0xff;  //去除鬼影
 108   1      
 109   1              XBYTE[0xC000] = (1<<dspcom);
 110   1              XBYTE[0xE000] = tab[dspbuf[dspcom]]; 
 111   1              
 112   1              if(++dspcom == 8){
 113   2                      dspcom = 0;
 114   2              }       
 115   1      }
 116          
 117          
C51 COMPILER V9.52.0.0   EX18                                                              03/14/2017 10:15:36 PAGE 3   

 118          //TX引脚发送40KHz方波信号驱动超声波发送探头
 119          void send_wave(void)
 120          {
 121   1              unsigned char i = 8;  //发送8个脉冲
 122   1              
 123   1              do
 124   1              {
 125   2                      TX = 1;
 126   2                      somenop;
 127   2                      TX = 0;
 128   2                      somenop;
 129   2              }
 130   1              while(i--);
 131   1      }


MODULE INFORMATION:   STATIC OVERLAYABLE
   CODE SIZE        =    334    ----
   CONSTANT SIZE    =     20    ----
   XDATA SIZE       =   ----    ----
   PDATA SIZE       =   ----    ----
   DATA SIZE        =     13       2
   IDATA SIZE       =   ----    ----
   BIT SIZE         =      1    ----
END OF MODULE INFORMATION.


C51 COMPILATION COMPLETE.  0 WARNING(S),  0 ERROR(S)
