C51 COMPILER V9.02   EX13                                                                  03/11/2015 17:54:36 PAGE 1   


C51 COMPILER V9.02, COMPILATION OF MODULE EX13
OBJECT MODULE PLACED IN ex13.OBJ
COMPILER INVOKED BY: F:\danpianji\C51\BIN\C51.EXE ex13.c BROWSE DEBUG OBJECTEXTEND

line level    source

   1          /*******************************************************************************  
   2          * 文件名称：串口通讯实验
   3          * 实验目的：1.掌握51单片机串口工作模式及相关寄存器配置方法
   4          *           2.了解51单片机波特率的计算方法
   5          * 程序说明：1.通过USB连接线连接PC机，在计算机硬件管理器中查看串口号
   6          *           2.打开串口调试工具软件，并将串口通讯波特率设定为2400
   7          * 日期版本：2012-9-5/V1.0a 
   8          *******************************************************************************/
   9          
  10          #include "reg52.h"  //定义51单片机特殊功能寄存器
  11          
  12          #define BAUDRATE     2400  //波特率
  13          #define SYSTEMCLOCK  12000000  //系统时钟频率
  14          
  15          void uart_sendstring(unsigned char *str);
  16          
  17          //主函数
  18          void main(void)
  19          { 
  20   1      
  21   1              SCON = 0x50;
  22   1              TMOD |= 0x20;
  23   1              TH1 = 256 - (unsigned int)(SYSTEMCLOCK/BAUDRATE/384+0.5); 
  24   1              ES = 1;  //时能串口中断
  25   1              EA = 1;
  26   1              TR1 = 1;  //启动定时器1
  27   1      
  28   1          uart_sendstring("hello,world.\r\n");
  29   1         
  30   1          while(1); 
  31   1      }
  32          
  33          //通过串口发送字符串
  34          void uart_sendstring(unsigned char *str)
  35          {
  36   1          unsigned char *p;
  37   1          
  38   1          p = str;
  39   1          while(*p != '\0')
  40   1          {
  41   2              SBUF = *p;
  42   2                      while(TI == 0);  //等待发送标志位置位
  43   2                      TI = 0;
  44   2              p++;
  45   2          }
  46   1      }


MODULE INFORMATION:   STATIC OVERLAYABLE
   CODE SIZE        =     48    ----
   CONSTANT SIZE    =     15    ----
   XDATA SIZE       =   ----    ----
   PDATA SIZE       =   ----    ----
   DATA SIZE        =   ----    ----
   IDATA SIZE       =   ----    ----
C51 COMPILER V9.02   EX13                                                                  03/11/2015 17:54:36 PAGE 2   

   BIT SIZE         =   ----    ----
END OF MODULE INFORMATION.


C51 COMPILATION COMPLETE.  0 WARNING(S),  0 ERROR(S)
